<?xml version="1.0" encoding="UTF-8"?>
<!-- Generated by org.testng.reporters.JUnitReportReporter -->
<testsuite skipped="0" hostname="shantanu_PC" name="basicAnnotations.TestNGClass4" tests="2" failures="0" timestamp="2020-08-08T11:47:25 IST" time="0.004" errors="0">
  <testcase name="test2" time="0.002" classname="basicAnnotations.TestNGClass4"/>
  <system-out/>
  <testcase name="test1" time="0.002" classname="basicAnnotations.TestNGClass4"/>
  <system-out/>
</testsuite> <!-- basicAnnotations.TestNGClass4 -->
