<?xml version="1.0" encoding="UTF-8"?>
<!-- Generated by org.testng.reporters.JUnitReportReporter -->
<testsuite skipped="0" hostname="shantanu_PC" name="basicAnnotations.TestNGFirstClass" tests="3" failures="0" timestamp="2020-08-08T11:47:25 IST" time="0.019" errors="0">
  <testcase name="test2" time="0.006" classname="basicAnnotations.TestNGFirstClass"/>
  <system-out/>
  <testcase name="test1" time="0.006" classname="basicAnnotations.TestNGFirstClass"/>
  <system-out/>
  <testcase name="test3" time="0.007" classname="basicAnnotations.TestNGFirstClass"/>
  <system-out/>
</testsuite> <!-- basicAnnotations.TestNGFirstClass -->
