<?xml version="1.0" encoding="UTF-8"?>
<!-- Generated by org.testng.reporters.JUnitReportReporter -->
<testsuite skipped="0" hostname="shantanu_PC" name="testNGattributes.TestNGParameters" tests="1" failures="0" timestamp="2020-08-08T13:17:25 IST" time="0.003" errors="0">
  <testcase name="launchBrowser" time="0.003" classname="testNGattributes.TestNGParameters"/>
  <system-out/>
</testsuite> <!-- testNGattributes.TestNGParameters -->
