<?xml version="1.0" encoding="UTF-8"?>
<!-- Generated by org.testng.reporters.JUnitReportReporter -->
<testsuite skipped="0" hostname="shantanu_PC" name="testNGattributes.TestNGDataProvider" tests="3" failures="0" timestamp="2020-08-08T13:17:25 IST" time="0.037" errors="0">
  <testcase name="login" time="0.021" classname="testNGattributes.TestNGDataProvider"/>
  <system-out/>
  <testcase name="login" time="0.005" classname="testNGattributes.TestNGDataProvider"/>
  <system-out/>
  <testcase name="login" time="0.011" classname="testNGattributes.TestNGDataProvider"/>
  <system-out/>
</testsuite> <!-- testNGattributes.TestNGDataProvider -->
